╔═════════════════════════════════════════════════════════════════════════════════════════════════════════════════════════════════════════════
║Δ18 sep. 2025 14:08:51,296 [http-nio-6565-exec-1] ▬ INFO ▬ changeindb
║User canceled booking '7' on dance workout
╚═════════════════════════════════════════════════════════════════════════════════════════════════════════════════════════════════════════════

╔═════════════════════════════════════════════════════════════════════════════════════════════════════════════════════════════════════════════
║Δ18 sep. 2025 14:16:39,097 [http-nio-6565-exec-6] ▬ INFO ▬ changeindb
║User booked a strength workout on 2025-10-17T11:00
╚═════════════════════════════════════════════════════════════════════════════════════════════════════════════════════════════════════════════

╔═════════════════════════════════════════════════════════════════════════════════════════════════════════════════════════════════════════════
║Δ18 sep. 2025 14:17:57,088 [http-nio-6565-exec-2] ▬ INFO ▬ changeindb
║User booked a dance workout on 2025-10-17T11:00
╚═════════════════════════════════════════════════════════════════════════════════════════════════════════════════════════════════════════════

╔═════════════════════════════════════════════════════════════════════════════════════════════════════════════════════════════════════════════
║Δ18 sep. 2025 14:18:24,418 [http-nio-6565-exec-1] ▬ INFO ▬ changeindb
║User booked a dance workout on 2025-10-17T11:00
╚═════════════════════════════════════════════════════════════════════════════════════════════════════════════════════════════════════════════

╔═════════════════════════════════════════════════════════════════════════════════════════════════════════════════════════════════════════════
║Δ18 sep. 2025 14:20:26,101 [http-nio-6565-exec-2] ▬ INFO ▬ changeindb
║User booked a dance workout on 2025-10-17T11:00
╚═════════════════════════════════════════════════════════════════════════════════════════════════════════════════════════════════════════════

╔═════════════════════════════════════════════════════════════════════════════════════════════════════════════════════════════════════════════
║Δ18 sep. 2025 14:21:15,068 [http-nio-6565-exec-1] ▬ INFO ▬ changeindb
║User booked a dance workout on 2025-10-17T11:00
╚═════════════════════════════════════════════════════════════════════════════════════════════════════════════════════════════════════════════

╔═════════════════════════════════════════════════════════════════════════════════════════════════════════════════════════════════════════════
║Δ18 sep. 2025 14:22:20,933 [http-nio-6565-exec-2] ▬ INFO ▬ changeindb
║User booked a dance workout on 2025-10-17T11:00
╚═════════════════════════════════════════════════════════════════════════════════════════════════════════════════════════════════════════════

╔═════════════════════════════════════════════════════════════════════════════════════════════════════════════════════════════════════════════
║Δ18 sep. 2025 15:38:40,269 [http-nio-6565-exec-6] ▬ INFO ▬ changeindb
║User booked a dance workout on 2025-10-17T11:00
╚═════════════════════════════════════════════════════════════════════════════════════════════════════════════════════════════════════════════

╔═════════════════════════════════════════════════════════════════════════════════════════════════════════════════════════════════════════════
║Δ19 sep. 2025 12:30:49,964 [http-nio-6565-exec-1] ▬ INFO ▬ changeindb
║USER sara booked a dance workout on 2025-10-17T11:00
╚═════════════════════════════════════════════════════════════════════════════════════════════════════════════════════════════════════════════

╔═════════════════════════════════════════════════════════════════════════════════════════════════════════════════════════════════════════════
║Δ19 sep. 2025 12:32:42,868 [http-nio-6565-exec-2] ▬ INFO ▬ changeindb
║USER sara booked a dance workout on 2025-10-17T11:00
╚═════════════════════════════════════════════════════════════════════════════════════════════════════════════════════════════════════════════

╔═════════════════════════════════════════════════════════════════════════════════════════════════════════════════════════════════════════════
║Δ19 sep. 2025 12:39:27,943 [http-nio-6565-exec-1] ▬ INFO ▬ changeindb
║USER sara booked a dance workout on 2025-10-17T11:00
╚═════════════════════════════════════════════════════════════════════════════════════════════════════════════════════════════════════════════

╔═════════════════════════════════════════════════════════════════════════════════════════════════════════════════════════════════════════════
║Δ19 sep. 2025 12:41:06,151 [http-nio-6565-exec-1] ▬ INFO ▬ changeindb
║USER sara booked a dance workout on 2025-10-17T11:00
╚═════════════════════════════════════════════════════════════════════════════════════════════════════════════════════════════════════════════

╔═════════════════════════════════════════════════════════════════════════════════════════════════════════════════════════════════════════════
║Δ19 sep. 2025 12:47:26,951 [http-nio-6565-exec-1] ▬ INFO ▬ changeindb
║USER sara booked a dance workout on 2025-10-17T11:00
╚═════════════════════════════════════════════════════════════════════════════════════════════════════════════════════════════════════════════

╔═════════════════════════════════════════════════════════════════════════════════════════════════════════════════════════════════════════════
║Δ19 sep. 2025 12:55:09,836 [http-nio-6565-exec-1] ▬ INFO ▬ changeindb
║USER sara booked a dance workout on 2025-10-17T11:00
╚═════════════════════════════════════════════════════════════════════════════════════════════════════════════════════════════════════════════

╔═════════════════════════════════════════════════════════════════════════════════════════════════════════════════════════════════════════════
║Δ19 sep. 2025 15:42:11,767 [http-nio-6565-exec-1] ▬ INFO ▬ changeindb
║USER sara booked a strength workout on 2025-09-19T15:42:11.712886600
╚═════════════════════════════════════════════════════════════════════════════════════════════════════════════════════════════════════════════

╔═════════════════════════════════════════════════════════════════════════════════════════════════════════════════════════════════════════════
║Δ19 sep. 2025 15:42:49,547 [http-nio-6565-exec-2] ▬ INFO ▬ changeindb
║USER sara booked a strength workout on 2025-09-19T15:42:49.496686400
╚═════════════════════════════════════════════════════════════════════════════════════════════════════════════════════════════════════════════

╔═════════════════════════════════════════════════════════════════════════════════════════════════════════════════════════════════════════════
║Δ19 sep. 2025 15:45:11,186 [http-nio-6565-exec-1] ▬ INFO ▬ changeindb
║USER sara booked a strength workout on 2025-09-19T15:45:11.135664200
╚═════════════════════════════════════════════════════════════════════════════════════════════════════════════════════════════════════════════

╔═════════════════════════════════════════════════════════════════════════════════════════════════════════════════════════════════════════════
║Δ19 sep. 2025 15:46:17,586 [http-nio-6565-exec-1] ▬ INFO ▬ changeindb
║USER sara booked a strength workout on 2025-09-19T15:46:17.531940900
╚═════════════════════════════════════════════════════════════════════════════════════════════════════════════════════════════════════════════

╔═════════════════════════════════════════════════════════════════════════════════════════════════════════════════════════════════════════════
║Δ19 sep. 2025 15:47:49,005 [http-nio-6565-exec-3] ▬ INFO ▬ changeindb
║USER sara booked a strength workout on 2025-09-19T15:47:48.956241700
╚═════════════════════════════════════════════════════════════════════════════════════════════════════════════════════════════════════════════

╔═════════════════════════════════════════════════════════════════════════════════════════════════════════════════════════════════════════════
║Δ22 sep. 2025 10:31:58,800 [http-nio-6565-exec-2] ▬ INFO ▬ changeindb
║USER sara canceled booking '1', a dance workout with Erik Quill
╚═════════════════════════════════════════════════════════════════════════════════════════════════════════════════════════════════════════════

╔═════════════════════════════════════════════════════════════════════════════════════════════════════════════════════════════════════════════
║Δ22 sep. 2025 10:33:12,588 [http-nio-6565-exec-2] ▬ INFO ▬ changeindb
║USER sara booked a strength workout on 2025-09-22T10:33:12.531787800
╚═════════════════════════════════════════════════════════════════════════════════════════════════════════════════════════════════════════════

╔═════════════════════════════════════════════════════════════════════════════════════════════════════════════════════════════════════════════
║Δ23 sep. 2025 15:01:57,200 [http-nio-6565-exec-4] ▬ INFO ▬ changeindb
║USER sara canceled booking '2', a dance workout with Erik Quill
╚═════════════════════════════════════════════════════════════════════════════════════════════════════════════════════════════════════════════

╔═════════════════════════════════════════════════════════════════════════════════════════════════════════════════════════════════════════════
║Δ24 sep. 2025 14:45:52,133 [http-nio-6565-exec-2] ▬ INFO ▬ changeindb
║[ROLE_ADMIN] simon removed (set to inactive) workout with id '3'
╚═════════════════════════════════════════════════════════════════════════════════════════════════════════════════════════════════════════════

╔═════════════════════════════════════════════════════════════════════════════════════════════════════════════════════════════════════════════
║Δ24 sep. 2025 14:50:22,015 [http-nio-6565-exec-6] ▬ INFO ▬ changeindb
║USER sara booked a DANCE workout on 2025-09-24T14:50:20.825078800. 
Price sek: 230.98
Price euro:4831.974506812092
╚═════════════════════════════════════════════════════════════════════════════════════════════════════════════════════════════════════════════

╔═════════════════════════════════════════════════════════════════════════════════════════════════════════════════════════════════════════════
║Δ24 sep. 2025 15:53:20,830 [http-nio-6565-exec-7] ▬ INFO ▬ changeindb
║[ROLE_ADMIN] simon added a COREFLEX workout on 2025-11-03T16:30 with instructor Erik Quill
╚═════════════════════════════════════════════════════════════════════════════════════════════════════════════════════════════════════════════

╔═════════════════════════════════════════════════════════════════════════════════════════════════════════════════════════════════════════════
║Δ24 sep. 2025 15:53:42,021 [http-nio-6565-exec-4] ▬ INFO ▬ changeindb
║[ROLE_ADMIN] simon added a COREFLEX workout on 2025-11-03T16:30 with instructor Erik Quill
╚═════════════════════════════════════════════════════════════════════════════════════════════════════════════════════════════════════════════

╔═════════════════════════════════════════════════════════════════════════════════════════════════════════════════════════════════════════════
║Δ24 sep. 2025 15:54:06,679 [http-nio-6565-exec-9] ▬ INFO ▬ changeindb
║[ROLE_ADMIN] simon updated workout with id '3'. 
Changes: old -> new
Name: Spinn -> Spinn
Training Type: COREFLEX -> COREFLEX
Max Participants: 12 -> 12
Price sek: 175.89 -> 175.89
Gym instructor name: Erik Quill -> Erik Quill
Date time: 2025-09-25T16:00 -> 2025-09-25T16:00
Is activetrue -> true
╚═════════════════════════════════════════════════════════════════════════════════════════════════════════════════════════════════════════════

╔═════════════════════════════════════════════════════════════════════════════════════════════════════════════════════════════════════════════
║Δ24 sep. 2025 16:03:26,993 [http-nio-6565-exec-1] ▬ INFO ▬ changeindb
║[ROLE_ADMIN] simon added a Clas Ohlsson instructor with speciality in ENDURANCE
╚═════════════════════════════════════════════════════════════════════════════════════════════════════════════════════════════════════════════

╔═════════════════════════════════════════════════════════════════════════════════════════════════════════════════════════════════════════════
║Δ24 sep. 2025 16:03:45,450 [http-nio-6565-exec-3] ▬ INFO ▬ changeindb
║[ROLE_ADMIN] simon added a COREFLEX workout on 2025-11-03T16:30 with instructor Erik Quill
╚═════════════════════════════════════════════════════════════════════════════════════════════════════════════════════════════════════════════

╔═════════════════════════════════════════════════════════════════════════════════════════════════════════════════════════════════════════════
║Δ24 sep. 2025 16:03:59,096 [http-nio-6565-exec-4] ▬ INFO ▬ changeindb
║[ROLE_ADMIN] simon updated workout with id '5'. 
Changes: old -> new
Name: Spinn -> Spinn
Training Type: COREFLEX -> COREFLEX
Max Participants: 12 -> 12
Price sek: 175.89 -> 175.89
Gym instructor name: Erik Quill -> Erik Quill
Date time: 2025-09-25T16:00 -> 2025-09-25T16:00
Is activefalse -> false
╚═════════════════════════════════════════════════════════════════════════════════════════════════════════════════════════════════════════════

═════════════════════════════════════════════════════════════════════════════════════════════════════════════════════════════════════════════
Δ24 sep. 2025 16:10:22,350 [http-nio-6565-exec-7] ▬ INFO ▬ changeindb
[ROLE_ADMIN] simon added a COREFLEX workout on 2025-11-03T16:30 with instructor Erik Quill
═════════════════════════════════════════════════════════════════════════════════════════════════════════════════════════════════════════════

═════════════════════════════════════════════════════════════════════════════════════════════════════════════════════════════════════════════
Δ24 sep. 2025 16:10:25,118 [http-nio-6565-exec-4] ▬ INFO ▬ changeindb
[ROLE_ADMIN] simon updated workout with id '5'. 
Changes: old -> new
Name: Spinn -> Spinn
Training Type: COREFLEX -> COREFLEX
Max Participants: 12 -> 12
Price sek: 175.89 -> 175.89
Gym instructor name: Erik Quill -> Erik Quill
Date time: 2025-09-25T16:00 -> 2025-09-25T16:00
Is active: false -> false
═════════════════════════════════════════════════════════════════════════════════════════════════════════════════════════════════════════════

═════════════════════════════════════════════════════════════════════════════════════════════════════════════════════════════════════════════
24 sep. 2025 16:12:42,063 [http-nio-6565-exec-4] ▬ INFO ▬ changeindb
[ROLE_ADMIN] simon added a COREFLEX workout on 2025-11-03T16:30 with instructor Erik Quill
═════════════════════════════════════════════════════════════════════════════════════════════════════════════════════════════════════════════

═════════════════════════════════════════════════════════════════════════════════════════════════════════════════════════════════════════════
24 sep. 2025 16:12:44,307 [http-nio-6565-exec-5] ▬ INFO ▬ changeindb
[ROLE_ADMIN] simon updated workout with id '5'. 
Changes: old -> new
Name: Spinn -> Spinn
Training Type: COREFLEX -> COREFLEX
Max Participants: 12 -> 12
Price sek: 175.89 -> 175.89
Gym instructor name: Erik Quill -> Erik Quill
Date time: 2025-09-25T16:00 -> 2025-09-25T16:00
Is active: false -> false
═════════════════════════════════════════════════════════════════════════════════════════════════════════════════════════════════════════════

═════════════════════════════════════════════════════════════════════════════════════════════════════════════════════════════════════════════
25 sep. 2025 11:00:48,627 [http-nio-6565-exec-4] ▬ INFO ▬ changeindb
[ROLE_ADMIN] simon added a COREFLEX workout on 2025-10-28T13:59 with instructor Mia Sundsvall
═════════════════════════════════════════════════════════════════════════════════════════════════════════════════════════════════════════════

═════════════════════════════════════════════════════════════════════════════════════════════════════════════════════════════════════════════
25 sep. 2025 12:09:25,100 [http-nio-6565-exec-1] ▬ INFO ▬ changeindb
[ROLE_USER] sara canceled booking '2', a DANCE workout with Erik Quill
═════════════════════════════════════════════════════════════════════════════════════════════════════════════════════════════════════════════

═════════════════════════════════════════════════════════════════════════════════════════════════════════════════════════════════════════════
25 sep. 2025 14:06:19,152 [http-nio-6565-exec-1] ▬ INFO ▬ changeindb
[ROLE_ADMIN] simon added a Clas Ohlsson instructor with speciality in ENDURANCE
═════════════════════════════════════════════════════════════════════════════════════════════════════════════════════════════════════════════

═════════════════════════════════════════════════════════════════════════════════════════════════════════════════════════════════════════════
25 sep. 2025 14:06:26,797 [http-nio-6565-exec-4] ▬ INFO ▬ changeindb
[ROLE_ADMIN] simon added a Clas Ohlsson instructor with speciality in ENDURANCE
═════════════════════════════════════════════════════════════════════════════════════════════════════════════════════════════════════════════

